\BOOKMARK [1][-]{section.1}{Graphes connexes, eul\351riens et bipartis }{}% 1
\BOOKMARK [2][-]{subsection.1.1}{Graphes}{section.1}% 2
\BOOKMARK [2][-]{subsection.1.2}{Isomorphisme de Graphes}{section.1}% 3
\BOOKMARK [2][-]{subsection.1.3}{Parcours eul\351rien}{section.1}% 4
\BOOKMARK [2][-]{subsection.1.4}{Repr\351sentation matricielle du graphe}{section.1}% 5
\BOOKMARK [2][-]{subsection.1.5}{Graphe biparti}{section.1}% 6
\BOOKMARK [1][-]{section.2}{Les plus courts chemins}{}% 7
\BOOKMARK [2][-]{subsection.2.1}{Les plus courts chemins}{section.2}% 8
\BOOKMARK [2][-]{subsection.2.2}{Algorithme de Dijkstra}{section.2}% 9
\BOOKMARK [2][-]{subsection.2.3}{Anneaux et Semi-anneaux}{section.2}% 10
\BOOKMARK [1][-]{section.3}{Arbres et connectivit\351}{}% 11
\BOOKMARK [2][-]{subsection.3.1}{Arbres}{section.3}% 12
\BOOKMARK [2][-]{subsection.3.2}{Algorithme de Kruskal}{section.3}% 13
\BOOKMARK [1][-]{section.4}{Graphes hamiltoniens}{}% 14
\BOOKMARK [2][-]{subsection.4.1}{Graphes hamiltoniens}{section.4}% 15
\BOOKMARK [1][-]{section.5}{Mariages, couplages et couvertures}{}% 16
\BOOKMARK [2][-]{subsection.5.1}{Couplage}{section.5}% 17
\BOOKMARK [2][-]{subsection.5.2}{Couverture}{section.5}% 18
\BOOKMARK [2][-]{subsection.5.3}{L'algorithme hongrois}{section.5}% 19
\BOOKMARK [1][-]{section.6}{Coloriages d'ar\352tes}{}% 20
\BOOKMARK [2][-]{subsection.6.1}{Coloriages d'ar\352tes}{section.6}% 21
\BOOKMARK [1][-]{section.7}{Cliques, ensembles ind\351pendants et l'impossible d\351sordre}{}% 22
\BOOKMARK [2][-]{subsection.7.1}{Ensembles ind\351pendants}{section.7}% 23
\BOOKMARK [2][-]{subsection.7.2}{Cliques}{section.7}% 24
\BOOKMARK [2][-]{subsection.7.3}{La th\351orie de Ramsey}{section.7}% 25
\BOOKMARK [1][-]{section.8}{Coloriages de sommets}{}% 26
\BOOKMARK [2][-]{subsection.8.1}{Coloriages de sommets}{section.8}% 27
\BOOKMARK [2][-]{subsection.8.2}{Nombre chromatique, cliques et degr\351s}{section.8}% 28
\BOOKMARK [2][-]{subsection.8.3}{Polyn\364me chromatique}{section.8}% 29
\BOOKMARK [1][-]{section.9}{Graphes planaires}{}% 30
\BOOKMARK [2][-]{subsection.9.1}{Graphes planaires}{section.9}% 31
\BOOKMARK [2][-]{subsection.9.2}{Formule d'Euler}{section.9}% 32
\BOOKMARK [2][-]{subsection.9.3}{Les cinq solides platoniciens}{section.9}% 33
\BOOKMARK [1][-]{section.10}{Flots et coupes}{}% 34
\BOOKMARK [2][-]{subsection.10.1}{Flots et coupes}{section.10}% 35
\BOOKMARK [2][-]{subsection.10.2}{L'algorithme de Ford-Fulkerson}{section.10}% 36
\BOOKMARK [1][-]{section.11}{P, NP et NP-compl\351tude}{}% 37
\BOOKMARK [2][-]{subsection.11.1}{P, NP et NP-compl\351tude}{section.11}% 38
\BOOKMARK [1][-]{section.12}{Grands et tr\350s grands graphes}{}% 39
\BOOKMARK [2][-]{subsection.12.1}{PageRank}{section.12}% 40
\BOOKMARK [1][-]{section.13}{TODO \340 compl\351ter 66}{}% 41
\BOOKMARK [1][-]{section*.4}{Index}{}% 42
